[+] Containers:
 |- [+] Container: /Game/ThirdPerson/Maps/LavaArena
 |   |- [+] ActorDescs:
 |   |   |- Guid:0476A84748CECAF41CC23BA2A9677E1F BaseClass:/Game/ThirdPerson/Maps/LavaStuff/BP_Crater.BP_Crater_C NativeClass:/Script/Engine.Actor Name:BP_Crater_C_UAID_548D5AC72CA6186102_1740423158 Label:BP_Crater SpatiallyLoaded:true EditorBounds:IsValid=true, Min=(X=2044.118 Y=721.138 Z=346.296), Max=(X=2829.355 Y=1463.054 Z=534.000) RuntimeBounds:IsValid=true, Min=(X=2044.118 Y=721.138 Z=346.296), Max=(X=2829.355 Y=1463.054 Z=534.000) RuntimeGrid:None EditorOnly:false RuntimeOnly:false HLODRelevant:false ListedInSceneOutliner:true IsMainWorldOnly:false
 |   |   |- Guid:0DA3174D4BDA4709AD74E48D60554432 BaseClass:/Game/ThirdPerson/Maps/LavaStuff/BP_Crater.BP_Crater_C NativeClass:/Script/Engine.Actor Name:BP_Crater_C_UAID_548D5AC72CA61A6102_1484137514 Label:BP_Crater5 SpatiallyLoaded:true EditorBounds:IsValid=true, Min=(X=321.118 Y=-1498.862 Z=335.296), Max=(X=1106.355 Y=-756.946 Z=523.000) RuntimeBounds:IsValid=true, Min=(X=321.118 Y=-1498.862 Z=335.296), Max=(X=1106.355 Y=-756.946 Z=523.000) RuntimeGrid:None EditorOnly:false RuntimeOnly:false HLODRelevant:false ListedInSceneOutliner:true IsMainWorldOnly:false
 |   |   |- Guid:14984FFBBA1833DC92A5846076F97D52 NativeClass:/Script/Engine.DirectionalLight Name:DirectionalLight_0 Label:DirectionalLight SpatiallyLoaded:false EditorBounds:IsValid=false, Min=(X=0.000 Y=0.000 Z=0.000), Max=(X=0.000 Y=0.000 Z=0.000) RuntimeBounds:IsValid=false, Min=(X=0.000 Y=0.000 Z=0.000), Max=(X=0.000 Y=0.000 Z=0.000) RuntimeGrid:None EditorOnly:false RuntimeOnly:false HLODRelevant:false ListedInSceneOutliner:true IsMainWorldOnly:false FolderPath:Lighting FolderGuid:963EC3EB4002CCE9759E2EBA541A873A
 |   |   |- Guid:17397FE74C03DCDF1BA106B6979D4B9D NativeClass:/Script/Engine.StaticMeshActor Name:StaticMeshActor_UAID_548D5AC72CA6D76002_1544251725 Label:Crater_2 SpatiallyLoaded:true EditorBounds:IsValid=true, Min=(X=-6114.926 Y=-5232.987 Z=-802.963), Max=(X=6497.656 Y=8116.030 Z=1812.018) RuntimeBounds:IsValid=true, Min=(X=-6114.926 Y=-5232.987 Z=-802.963), Max=(X=6497.656 Y=8116.030 Z=1812.018) RuntimeGrid:None EditorOnly:false RuntimeOnly:false HLODRelevant:true ListedInSceneOutliner:true IsMainWorldOnly:false
 |   |   |- Guid:1DD76DAC4545A06FF6710992FC6C1EBC NativeClass:/Script/Engine.StaticMeshActor Name:StaticMeshActor_UAID_548D5AC72CA6D26002_1969774832 Label:TerrainGEN_3Model SpatiallyLoaded:true EditorBounds:IsValid=true, Min=(X=-2690.000 Y=-1810.000 Z=364.698), Max=(X=3710.000 Y=4590.001 Z=674.870) RuntimeBounds:IsValid=true, Min=(X=-2690.000 Y=-1810.000 Z=364.698), Max=(X=3710.000 Y=4590.001 Z=674.870) RuntimeGrid:None EditorOnly:false RuntimeOnly:false HLODRelevant:true ListedInSceneOutliner:true IsMainWorldOnly:false
 |   |   |- Guid:2C6F761CC9563BF3BCBD8248DFF92B3C NativeClass:/Script/Engine.ExponentialHeightFog Name:ExponentialHeightFog_0 Label:ExponentialHeightFog SpatiallyLoaded:false EditorBounds:IsValid=true, Min=(X=-5728.000 Y=-178.000 Z=-6978.000), Max=(X=-5472.000 Y=78.000 Z=-6722.000) RuntimeBounds:IsValid=true, Min=(X=-5600.000 Y=-50.000 Z=-6850.000), Max=(X=-5600.000 Y=-50.000 Z=-6850.000) RuntimeGrid:None EditorOnly:false RuntimeOnly:false HLODRelevant:false ListedInSceneOutliner:true IsMainWorldOnly:false FolderPath:Lighting FolderGuid:963EC3EB4002CCE9759E2EBA541A873A
 |   |   |- Guid:379C7BF64EEA330FAC9C13A648E3709D NativeClass:/Script/Engine.SkyAtmosphere Name:SkyAtmosphere_0 Label:SkyAtmosphere SpatiallyLoaded:false EditorBounds:IsValid=true, Min=(X=-128.000 Y=-128.000 Z=892.000), Max=(X=240.000 Y=128.000 Z=1148.000) RuntimeBounds:IsValid=true, Min=(X=0.000 Y=0.000 Z=1020.000), Max=(X=0.000 Y=0.000 Z=1020.000) RuntimeGrid:None EditorOnly:false RuntimeOnly:false HLODRelevant:false ListedInSceneOutliner:true IsMainWorldOnly:false FolderPath:Lighting FolderGuid:963EC3EB4002CCE9759E2EBA541A873A
 |   |   |- Guid:6C00604DAA3E3CA796F11D69D740C270 NativeClass:/Script/Engine.SkyLight Name:SkyLight_1 Label:SkyLight SpatiallyLoaded:false EditorBounds:IsValid=true, Min=(X=-1.000 Y=-1.000 Z=-1.000), Max=(X=1.000 Y=1.000 Z=690.000) RuntimeBounds:IsValid=true, Min=(X=0.000 Y=0.000 Z=690.000), Max=(X=0.000 Y=0.000 Z=690.000) RuntimeGrid:None EditorOnly:false RuntimeOnly:false HLODRelevant:false ListedInSceneOutliner:true IsMainWorldOnly:false FolderPath:Lighting FolderGuid:963EC3EB4002CCE9759E2EBA541A873A
 |   |   |- Guid:7978CD2D02363B0CB3CA7913F32C27C7 NativeClass:/Script/Engine.VolumetricCloud Name:VolumetricCloud_0 Label:VolumetricCloud SpatiallyLoaded:false EditorBounds:IsValid=true, Min=(X=-128.000 Y=-128.000 Z=692.000), Max=(X=128.000 Y=128.000 Z=948.000) RuntimeBounds:IsValid=true, Min=(X=0.000 Y=0.000 Z=820.000), Max=(X=0.000 Y=0.000 Z=820.000) RuntimeGrid:None EditorOnly:false RuntimeOnly:false HLODRelevant:false ListedInSceneOutliner:true IsMainWorldOnly:false FolderPath:Lighting FolderGuid:963EC3EB4002CCE9759E2EBA541A873A
 |   |   |- Guid:7DDC1D78E5E0382AA2852148C876C51C NativeClass:/Script/Engine.PostProcessVolume Name:PostProcessVolume_0 Label:PostProcessVolume SpatiallyLoaded:false EditorBounds:IsValid=true, Min=(X=0.000 Y=0.000 Z=400.000), Max=(X=200.000 Y=200.000 Z=600.000) RuntimeBounds:IsValid=true, Min=(X=0.000 Y=0.000 Z=400.000), Max=(X=200.000 Y=200.000 Z=600.000) RuntimeGrid:None EditorOnly:false RuntimeOnly:false HLODRelevant:false ListedInSceneOutliner:true IsMainWorldOnly:false FolderPath:Lighting FolderGuid:963EC3EB4002CCE9759E2EBA541A873A
 |   |   |- Guid:8759259110DC304A87802CD763DCF2AD NativeClass:/Script/Engine.WorldDataLayers Name:WorldDataLayers Label:WorldDataLayers SpatiallyLoaded:false EditorBounds:IsValid=false, Min=(X=0.000 Y=0.000 Z=0.000), Max=(X=0.000 Y=0.000 Z=0.000) RuntimeBounds:IsValid=false, Min=(X=0.000 Y=0.000 Z=0.000), Max=(X=0.000 Y=0.000 Z=0.000) RuntimeGrid:None EditorOnly:false RuntimeOnly:false HLODRelevant:false ListedInSceneOutliner:true IsMainWorldOnly:true
 |   |   |- Guid:8820427742C8D4972835F9A1E492049B BaseClass:/Game/ThirdPerson/Maps/LavaStuff/BP_Crater.BP_Crater_C NativeClass:/Script/Engine.Actor Name:BP_Crater_C_UAID_548D5AC72CA61A6102_1461070513 Label:BP_Crater4 SpatiallyLoaded:true EditorBounds:IsValid=true, Min=(X=297.398 Y=-65.828 Z=326.370), Max=(X=1278.943 Y=861.568 Z=561.000) RuntimeBounds:IsValid=true, Min=(X=297.398 Y=-65.828 Z=326.370), Max=(X=1278.943 Y=861.568 Z=561.000) RuntimeGrid:None EditorOnly:false RuntimeOnly:false HLODRelevant:false ListedInSceneOutliner:true IsMainWorldOnly:false
 |   |   |- Guid:8A35352342791F7F57F44E9CF3E8281A BaseClass:/Game/ThirdPerson/Maps/LavaStuff/BP_Crater.BP_Crater_C NativeClass:/Script/Engine.Actor Name:BP_Crater_C_UAID_548D5AC72CA61A6102_1384931512 Label:BP_Crater3 SpatiallyLoaded:true EditorBounds:IsValid=true, Min=(X=-154.882 Y=3202.138 Z=482.296), Max=(X=630.355 Y=3944.054 Z=670.000) RuntimeBounds:IsValid=true, Min=(X=-154.882 Y=3202.138 Z=482.296), Max=(X=630.355 Y=3944.054 Z=670.000) RuntimeGrid:None EditorOnly:false RuntimeOnly:false HLODRelevant:false ListedInSceneOutliner:true IsMainWorldOnly:false
 |   |   |- Guid:98230D732C5E3B7E83FED93E6E8A2498 NativeClass:/Script/Engine.PlayerStart Name:PlayerStart_0 Label:PlayerStart SpatiallyLoaded:false EditorBounds:IsValid=true, Min=(X=2224.726 Y=-548.000 Z=344.013), Max=(X=2588.000 Y=-204.447 Z=600.013) RuntimeBounds:IsValid=true, Min=(X=2403.647 Y=-476.353 Z=380.013), Max=(X=2516.353 Y=-363.647 Z=564.013) RuntimeGrid:None EditorOnly:false RuntimeOnly:false HLODRelevant:false ListedInSceneOutliner:true IsMainWorldOnly:false
 |   |   |- Guid:9AF7AA444858BDC54D9626AB94AB3213 BaseClass:/Game/Golem/monster.monster_C NativeClass:/Script/Engine.Actor Name:monster_C_UAID_548D5AC72CA61B6102_1584787693 Label:monster SpatiallyLoaded:true EditorBounds:IsValid=true, Min=(X=-1605.015 Y=1745.646 Z=377.390), Max=(X=-862.059 Y=2469.808 Z=1013.643) RuntimeBounds:IsValid=true, Min=(X=-1605.015 Y=1745.646 Z=377.390), Max=(X=-862.059 Y=2469.808 Z=1013.643) RuntimeGrid:None EditorOnly:false RuntimeOnly:false HLODRelevant:false ListedInSceneOutliner:true IsMainWorldOnly:false
 |   |   |- Guid:AFF007F31E053BF39407ED4E28BA2110 NativeClass:/Script/Engine.StaticMeshActor Name:StaticMeshActor_UAID_A4AE111137DC5EFB00_1110535423 Label:SM_SkySphere SpatiallyLoaded:false EditorBounds:IsValid=true, Min=(X=-1638400.000 Y=-1638400.000 Z=-1638400.000), Max=(X=1638400.000 Y=1638400.000 Z=1638400.000) RuntimeBounds:IsValid=true, Min=(X=-1638400.000 Y=-1638400.000 Z=-1638400.000), Max=(X=1638400.000 Y=1638400.000 Z=1638400.000) RuntimeGrid:None EditorOnly:false RuntimeOnly:false HLODRelevant:false ListedInSceneOutliner:true IsMainWorldOnly:false FolderPath:Lighting FolderGuid:963EC3EB4002CCE9759E2EBA541A873A
 |   |   |- Guid:B63F02044DDC806DE56576904C0F1E67 NativeClass:/Script/Engine.StaticMeshActor Name:StaticMeshActor_UAID_548D5AC72CA6D96002_1929457085 Label:volcano1 SpatiallyLoaded:true EditorBounds:IsValid=true, Min=(X=-2789.305 Y=-2085.464 Z=362.810), Max=(X=193.446 Y=897.287 Z=1205.507) RuntimeBounds:IsValid=true, Min=(X=-2789.305 Y=-2085.464 Z=362.810), Max=(X=193.446 Y=897.287 Z=1205.507) RuntimeGrid:None EditorOnly:false RuntimeOnly:false HLODRelevant:true ListedInSceneOutliner:true IsMainWorldOnly:false
 |   |   |- Guid:E650347540AB11AFBF9F80AD0ED9C913 NativeClass:/Script/Engine.StaticMeshActor Name:StaticMeshActor_UAID_548D5AC72CA6D86002_1408804903 Label:Crater_01 SpatiallyLoaded:true EditorBounds:IsValid=true, Min=(X=-2778.919 Y=765.964 Z=158.889), Max=(X=118.301 Y=3740.858 Z=620.356) RuntimeBounds:IsValid=true, Min=(X=-2778.919 Y=765.964 Z=158.889), Max=(X=118.301 Y=3740.858 Z=620.356) RuntimeGrid:None EditorOnly:false RuntimeOnly:false HLODRelevant:true ListedInSceneOutliner:true IsMainWorldOnly:false
 |   |   |- Guid:F428D5E342986106CFF380AC2A568351 BaseClass:/Game/ThirdPerson/Maps/LavaStuff/BP_Crater.BP_Crater_C NativeClass:/Script/Engine.Actor Name:BP_Crater_C_UAID_548D5AC72CA61A6102_1316987511 Label:BP_Crater2 SpatiallyLoaded:true EditorBounds:IsValid=true, Min=(X=2127.432 Y=2369.398 Z=355.370), Max=(X=3054.828 Y=3350.943 Z=590.000) RuntimeBounds:IsValid=true, Min=(X=2127.432 Y=2369.398 Z=355.370), Max=(X=3054.828 Y=3350.943 Z=590.000) RuntimeGrid:None EditorOnly:false RuntimeOnly:false HLODRelevant:false ListedInSceneOutliner:true IsMainWorldOnly:false
 |   |- [+] Clusters:
 |   |   |- [+] [  0]
 |   |   |   |- Guid:0476A84748CECAF41CC23BA2A9677E1F BaseClass:/Game/ThirdPerson/Maps/LavaStuff/BP_Crater.BP_Crater_C NativeClass:/Script/Engine.Actor Name:BP_Crater_C_UAID_548D5AC72CA6186102_1740423158 Label:BP_Crater SpatiallyLoaded:true EditorBounds:IsValid=true, Min=(X=2044.118 Y=721.138 Z=346.296), Max=(X=2829.355 Y=1463.054 Z=534.000) RuntimeBounds:IsValid=true, Min=(X=2044.118 Y=721.138 Z=346.296), Max=(X=2829.355 Y=1463.054 Z=534.000) RuntimeGrid:None EditorOnly:false RuntimeOnly:false HLODRelevant:false ListedInSceneOutliner:true IsMainWorldOnly:false
 |   |   |- [+] [  1]
 |   |   |   |- Guid:0DA3174D4BDA4709AD74E48D60554432 BaseClass:/Game/ThirdPerson/Maps/LavaStuff/BP_Crater.BP_Crater_C NativeClass:/Script/Engine.Actor Name:BP_Crater_C_UAID_548D5AC72CA61A6102_1484137514 Label:BP_Crater5 SpatiallyLoaded:true EditorBounds:IsValid=true, Min=(X=321.118 Y=-1498.862 Z=335.296), Max=(X=1106.355 Y=-756.946 Z=523.000) RuntimeBounds:IsValid=true, Min=(X=321.118 Y=-1498.862 Z=335.296), Max=(X=1106.355 Y=-756.946 Z=523.000) RuntimeGrid:None EditorOnly:false RuntimeOnly:false HLODRelevant:false ListedInSceneOutliner:true IsMainWorldOnly:false
 |   |   |- [+] [  2]
 |   |   |   |- Guid:14984FFBBA1833DC92A5846076F97D52 NativeClass:/Script/Engine.DirectionalLight Name:DirectionalLight_0 Label:DirectionalLight SpatiallyLoaded:false EditorBounds:IsValid=false, Min=(X=0.000 Y=0.000 Z=0.000), Max=(X=0.000 Y=0.000 Z=0.000) RuntimeBounds:IsValid=false, Min=(X=0.000 Y=0.000 Z=0.000), Max=(X=0.000 Y=0.000 Z=0.000) RuntimeGrid:None EditorOnly:false RuntimeOnly:false HLODRelevant:false ListedInSceneOutliner:true IsMainWorldOnly:false FolderPath:Lighting FolderGuid:963EC3EB4002CCE9759E2EBA541A873A
 |   |   |- [+] [  3]
 |   |   |   |- Guid:17397FE74C03DCDF1BA106B6979D4B9D NativeClass:/Script/Engine.StaticMeshActor Name:StaticMeshActor_UAID_548D5AC72CA6D76002_1544251725 Label:Crater_2 SpatiallyLoaded:true EditorBounds:IsValid=true, Min=(X=-6114.926 Y=-5232.987 Z=-802.963), Max=(X=6497.656 Y=8116.030 Z=1812.018) RuntimeBounds:IsValid=true, Min=(X=-6114.926 Y=-5232.987 Z=-802.963), Max=(X=6497.656 Y=8116.030 Z=1812.018) RuntimeGrid:None EditorOnly:false RuntimeOnly:false HLODRelevant:true ListedInSceneOutliner:true IsMainWorldOnly:false
 |   |   |- [+] [  4]
 |   |   |   |- Guid:1DD76DAC4545A06FF6710992FC6C1EBC NativeClass:/Script/Engine.StaticMeshActor Name:StaticMeshActor_UAID_548D5AC72CA6D26002_1969774832 Label:TerrainGEN_3Model SpatiallyLoaded:true EditorBounds:IsValid=true, Min=(X=-2690.000 Y=-1810.000 Z=364.698), Max=(X=3710.000 Y=4590.001 Z=674.870) RuntimeBounds:IsValid=true, Min=(X=-2690.000 Y=-1810.000 Z=364.698), Max=(X=3710.000 Y=4590.001 Z=674.870) RuntimeGrid:None EditorOnly:false RuntimeOnly:false HLODRelevant:true ListedInSceneOutliner:true IsMainWorldOnly:false
 |   |   |- [+] [  5]
 |   |   |   |- Guid:2C6F761CC9563BF3BCBD8248DFF92B3C NativeClass:/Script/Engine.ExponentialHeightFog Name:ExponentialHeightFog_0 Label:ExponentialHeightFog SpatiallyLoaded:false EditorBounds:IsValid=true, Min=(X=-5728.000 Y=-178.000 Z=-6978.000), Max=(X=-5472.000 Y=78.000 Z=-6722.000) RuntimeBounds:IsValid=true, Min=(X=-5600.000 Y=-50.000 Z=-6850.000), Max=(X=-5600.000 Y=-50.000 Z=-6850.000) RuntimeGrid:None EditorOnly:false RuntimeOnly:false HLODRelevant:false ListedInSceneOutliner:true IsMainWorldOnly:false FolderPath:Lighting FolderGuid:963EC3EB4002CCE9759E2EBA541A873A
 |   |   |- [+] [  6]
 |   |   |   |- Guid:379C7BF64EEA330FAC9C13A648E3709D NativeClass:/Script/Engine.SkyAtmosphere Name:SkyAtmosphere_0 Label:SkyAtmosphere SpatiallyLoaded:false EditorBounds:IsValid=true, Min=(X=-128.000 Y=-128.000 Z=892.000), Max=(X=240.000 Y=128.000 Z=1148.000) RuntimeBounds:IsValid=true, Min=(X=0.000 Y=0.000 Z=1020.000), Max=(X=0.000 Y=0.000 Z=1020.000) RuntimeGrid:None EditorOnly:false RuntimeOnly:false HLODRelevant:false ListedInSceneOutliner:true IsMainWorldOnly:false FolderPath:Lighting FolderGuid:963EC3EB4002CCE9759E2EBA541A873A
 |   |   |- [+] [  7]
 |   |   |   |- Guid:6C00604DAA3E3CA796F11D69D740C270 NativeClass:/Script/Engine.SkyLight Name:SkyLight_1 Label:SkyLight SpatiallyLoaded:false EditorBounds:IsValid=true, Min=(X=-1.000 Y=-1.000 Z=-1.000), Max=(X=1.000 Y=1.000 Z=690.000) RuntimeBounds:IsValid=true, Min=(X=0.000 Y=0.000 Z=690.000), Max=(X=0.000 Y=0.000 Z=690.000) RuntimeGrid:None EditorOnly:false RuntimeOnly:false HLODRelevant:false ListedInSceneOutliner:true IsMainWorldOnly:false FolderPath:Lighting FolderGuid:963EC3EB4002CCE9759E2EBA541A873A
 |   |   |- [+] [  8]
 |   |   |   |- Guid:7978CD2D02363B0CB3CA7913F32C27C7 NativeClass:/Script/Engine.VolumetricCloud Name:VolumetricCloud_0 Label:VolumetricCloud SpatiallyLoaded:false EditorBounds:IsValid=true, Min=(X=-128.000 Y=-128.000 Z=692.000), Max=(X=128.000 Y=128.000 Z=948.000) RuntimeBounds:IsValid=true, Min=(X=0.000 Y=0.000 Z=820.000), Max=(X=0.000 Y=0.000 Z=820.000) RuntimeGrid:None EditorOnly:false RuntimeOnly:false HLODRelevant:false ListedInSceneOutliner:true IsMainWorldOnly:false FolderPath:Lighting FolderGuid:963EC3EB4002CCE9759E2EBA541A873A
 |   |   |- [+] [  9]
 |   |   |   |- Guid:7DDC1D78E5E0382AA2852148C876C51C NativeClass:/Script/Engine.PostProcessVolume Name:PostProcessVolume_0 Label:PostProcessVolume SpatiallyLoaded:false EditorBounds:IsValid=true, Min=(X=0.000 Y=0.000 Z=400.000), Max=(X=200.000 Y=200.000 Z=600.000) RuntimeBounds:IsValid=true, Min=(X=0.000 Y=0.000 Z=400.000), Max=(X=200.000 Y=200.000 Z=600.000) RuntimeGrid:None EditorOnly:false RuntimeOnly:false HLODRelevant:false ListedInSceneOutliner:true IsMainWorldOnly:false FolderPath:Lighting FolderGuid:963EC3EB4002CCE9759E2EBA541A873A
 |   |   |- [+] [ 10]
 |   |   |   |- Guid:8759259110DC304A87802CD763DCF2AD NativeClass:/Script/Engine.WorldDataLayers Name:WorldDataLayers Label:WorldDataLayers SpatiallyLoaded:false EditorBounds:IsValid=false, Min=(X=0.000 Y=0.000 Z=0.000), Max=(X=0.000 Y=0.000 Z=0.000) RuntimeBounds:IsValid=false, Min=(X=0.000 Y=0.000 Z=0.000), Max=(X=0.000 Y=0.000 Z=0.000) RuntimeGrid:None EditorOnly:false RuntimeOnly:false HLODRelevant:false ListedInSceneOutliner:true IsMainWorldOnly:true
 |   |   |- [+] [ 11]
 |   |   |   |- Guid:8820427742C8D4972835F9A1E492049B BaseClass:/Game/ThirdPerson/Maps/LavaStuff/BP_Crater.BP_Crater_C NativeClass:/Script/Engine.Actor Name:BP_Crater_C_UAID_548D5AC72CA61A6102_1461070513 Label:BP_Crater4 SpatiallyLoaded:true EditorBounds:IsValid=true, Min=(X=297.398 Y=-65.828 Z=326.370), Max=(X=1278.943 Y=861.568 Z=561.000) RuntimeBounds:IsValid=true, Min=(X=297.398 Y=-65.828 Z=326.370), Max=(X=1278.943 Y=861.568 Z=561.000) RuntimeGrid:None EditorOnly:false RuntimeOnly:false HLODRelevant:false ListedInSceneOutliner:true IsMainWorldOnly:false
 |   |   |- [+] [ 12]
 |   |   |   |- Guid:8A35352342791F7F57F44E9CF3E8281A BaseClass:/Game/ThirdPerson/Maps/LavaStuff/BP_Crater.BP_Crater_C NativeClass:/Script/Engine.Actor Name:BP_Crater_C_UAID_548D5AC72CA61A6102_1384931512 Label:BP_Crater3 SpatiallyLoaded:true EditorBounds:IsValid=true, Min=(X=-154.882 Y=3202.138 Z=482.296), Max=(X=630.355 Y=3944.054 Z=670.000) RuntimeBounds:IsValid=true, Min=(X=-154.882 Y=3202.138 Z=482.296), Max=(X=630.355 Y=3944.054 Z=670.000) RuntimeGrid:None EditorOnly:false RuntimeOnly:false HLODRelevant:false ListedInSceneOutliner:true IsMainWorldOnly:false
 |   |   |- [+] [ 13]
 |   |   |   |- Guid:98230D732C5E3B7E83FED93E6E8A2498 NativeClass:/Script/Engine.PlayerStart Name:PlayerStart_0 Label:PlayerStart SpatiallyLoaded:false EditorBounds:IsValid=true, Min=(X=2224.726 Y=-548.000 Z=344.013), Max=(X=2588.000 Y=-204.447 Z=600.013) RuntimeBounds:IsValid=true, Min=(X=2403.647 Y=-476.353 Z=380.013), Max=(X=2516.353 Y=-363.647 Z=564.013) RuntimeGrid:None EditorOnly:false RuntimeOnly:false HLODRelevant:false ListedInSceneOutliner:true IsMainWorldOnly:false
 |   |   |- [+] [ 14]
 |   |   |   |- Guid:9AF7AA444858BDC54D9626AB94AB3213 BaseClass:/Game/Golem/monster.monster_C NativeClass:/Script/Engine.Actor Name:monster_C_UAID_548D5AC72CA61B6102_1584787693 Label:monster SpatiallyLoaded:true EditorBounds:IsValid=true, Min=(X=-1605.015 Y=1745.646 Z=377.390), Max=(X=-862.059 Y=2469.808 Z=1013.643) RuntimeBounds:IsValid=true, Min=(X=-1605.015 Y=1745.646 Z=377.390), Max=(X=-862.059 Y=2469.808 Z=1013.643) RuntimeGrid:None EditorOnly:false RuntimeOnly:false HLODRelevant:false ListedInSceneOutliner:true IsMainWorldOnly:false
 |   |   |- [+] [ 15]
 |   |   |   |- Guid:AFF007F31E053BF39407ED4E28BA2110 NativeClass:/Script/Engine.StaticMeshActor Name:StaticMeshActor_UAID_A4AE111137DC5EFB00_1110535423 Label:SM_SkySphere SpatiallyLoaded:false EditorBounds:IsValid=true, Min=(X=-1638400.000 Y=-1638400.000 Z=-1638400.000), Max=(X=1638400.000 Y=1638400.000 Z=1638400.000) RuntimeBounds:IsValid=true, Min=(X=-1638400.000 Y=-1638400.000 Z=-1638400.000), Max=(X=1638400.000 Y=1638400.000 Z=1638400.000) RuntimeGrid:None EditorOnly:false RuntimeOnly:false HLODRelevant:false ListedInSceneOutliner:true IsMainWorldOnly:false FolderPath:Lighting FolderGuid:963EC3EB4002CCE9759E2EBA541A873A
 |   |   |- [+] [ 16]
 |   |   |   |- Guid:B63F02044DDC806DE56576904C0F1E67 NativeClass:/Script/Engine.StaticMeshActor Name:StaticMeshActor_UAID_548D5AC72CA6D96002_1929457085 Label:volcano1 SpatiallyLoaded:true EditorBounds:IsValid=true, Min=(X=-2789.305 Y=-2085.464 Z=362.810), Max=(X=193.446 Y=897.287 Z=1205.507) RuntimeBounds:IsValid=true, Min=(X=-2789.305 Y=-2085.464 Z=362.810), Max=(X=193.446 Y=897.287 Z=1205.507) RuntimeGrid:None EditorOnly:false RuntimeOnly:false HLODRelevant:true ListedInSceneOutliner:true IsMainWorldOnly:false
 |   |   |- [+] [ 17]
 |   |   |   |- Guid:E650347540AB11AFBF9F80AD0ED9C913 NativeClass:/Script/Engine.StaticMeshActor Name:StaticMeshActor_UAID_548D5AC72CA6D86002_1408804903 Label:Crater_01 SpatiallyLoaded:true EditorBounds:IsValid=true, Min=(X=-2778.919 Y=765.964 Z=158.889), Max=(X=118.301 Y=3740.858 Z=620.356) RuntimeBounds:IsValid=true, Min=(X=-2778.919 Y=765.964 Z=158.889), Max=(X=118.301 Y=3740.858 Z=620.356) RuntimeGrid:None EditorOnly:false RuntimeOnly:false HLODRelevant:true ListedInSceneOutliner:true IsMainWorldOnly:false
 |   |   |- [+] [ 18]
 |   |   |   |- Guid:F428D5E342986106CFF380AC2A568351 BaseClass:/Game/ThirdPerson/Maps/LavaStuff/BP_Crater.BP_Crater_C NativeClass:/Script/Engine.Actor Name:BP_Crater_C_UAID_548D5AC72CA61A6102_1316987511 Label:BP_Crater2 SpatiallyLoaded:true EditorBounds:IsValid=true, Min=(X=2127.432 Y=2369.398 Z=355.370), Max=(X=3054.828 Y=3350.943 Z=590.000) RuntimeBounds:IsValid=true, Min=(X=2127.432 Y=2369.398 Z=355.370), Max=(X=3054.828 Y=3350.943 Z=590.000) RuntimeGrid:None EditorOnly:false RuntimeOnly:false HLODRelevant:false ListedInSceneOutliner:true IsMainWorldOnly:false
 |- ContainerInstances:
 |- [+] MainContainer:
 |   |-        ID: 00000000000000000000000000000000
 |   |-  ParentID: 00000000000000000000000000000000
 |   |-    Bounds: IsValid=false, Min=(X=0.000 Y=0.000 Z=0.000), Max=(X=0.000 Y=0.000 Z=0.000)
 |   |- Transform: 0.000000,0.000000,0.000000|0.000000,0.000000,-0.000000|1.000000,1.000000,1.000000
 |   |- Container: /Game/ThirdPerson/Maps/LavaArena
----------------------------------------------------------------------------------------------------------------
LavaArena - Persistent Level
----------------------------------------------------------------------------------------------------------------
[+] Content of LavaArena Persistent Level
 |- Always loaded Actor Count: 19 
 |- Actor Path: /Game/ThirdPerson/Maps/LavaArena.LavaArena:PersistentLevel.BP_Crater_C_UAID_548D5AC72CA6186102_1740423158
 |- Actor Package: /Game/__ExternalActors__/ThirdPerson/Maps/LavaArena/4/KN/51SF2UCWO87023AF8FN6UQ
 |- Actor Path: /Game/ThirdPerson/Maps/LavaArena.LavaArena:PersistentLevel.BP_Crater_C_UAID_548D5AC72CA61A6102_1316987511
 |- Actor Package: /Game/__ExternalActors__/ThirdPerson/Maps/LavaArena/B/KO/O361I8SHVW790XQEGCK9WD
 |- Actor Path: /Game/ThirdPerson/Maps/LavaArena.LavaArena:PersistentLevel.BP_Crater_C_UAID_548D5AC72CA61A6102_1384931512
 |- Actor Package: /Game/__ExternalActors__/ThirdPerson/Maps/LavaArena/6/1A/27XKUVZARMOVXRS5MYZETE
 |- Actor Path: /Game/ThirdPerson/Maps/LavaArena.LavaArena:PersistentLevel.BP_Crater_C_UAID_548D5AC72CA61A6102_1461070513
 |- Actor Package: /Game/__ExternalActors__/ThirdPerson/Maps/LavaArena/3/XQ/5RLOIA7D6M3YBRSXCATDQV
 |- Actor Path: /Game/ThirdPerson/Maps/LavaArena.LavaArena:PersistentLevel.BP_Crater_C_UAID_548D5AC72CA61A6102_1484137514
 |- Actor Package: /Game/__ExternalActors__/ThirdPerson/Maps/LavaArena/D/M9/7WPCUHJMT0K6AJY2T5J9PH
 |- Actor Path: /Game/ThirdPerson/Maps/LavaArena.LavaArena:PersistentLevel.DirectionalLight_0
 |- Actor Package: /Game/__ExternalActors__/ThirdPerson/Maps/LavaArena/6/E9/RNJ92XZNE28UAKFKYBNOXM
 |- Actor Path: /Game/ThirdPerson/Maps/LavaArena.LavaArena:PersistentLevel.ExponentialHeightFog_0
 |- Actor Package: /Game/__ExternalActors__/ThirdPerson/Maps/LavaArena/1/G3/9EQSRCJNMNC6R8TPYUIMA8
 |- Actor Path: /Game/ThirdPerson/Maps/LavaArena.LavaArena:PersistentLevel.monster_C_UAID_548D5AC72CA61B6102_1584787693
 |- Actor Package: /Game/__ExternalActors__/ThirdPerson/Maps/LavaArena/C/C5/K77PZXLSKRJPD1VUA3CWIT
 |- Actor Path: /Game/ThirdPerson/Maps/LavaArena.LavaArena:PersistentLevel.PlayerStart_0
 |- Actor Package: /Game/__ExternalActors__/ThirdPerson/Maps/LavaArena/3/MV/PZMRFR89KS2LZNM8QBUTDF
 |- Actor Path: /Game/ThirdPerson/Maps/LavaArena.LavaArena:PersistentLevel.PostProcessVolume_0
 |- Actor Package: /Game/__ExternalActors__/ThirdPerson/Maps/LavaArena/0/HM/8564NCKQ44F9DEEVYZFVW7
 |- Actor Path: /Game/ThirdPerson/Maps/LavaArena.LavaArena:PersistentLevel.SkyAtmosphere_0
 |- Actor Package: /Game/__ExternalActors__/ThirdPerson/Maps/LavaArena/7/8X/1B3TM8Z29NGS21KBLRTID1
 |- Actor Path: /Game/ThirdPerson/Maps/LavaArena.LavaArena:PersistentLevel.SkyLight_1
 |- Actor Package: /Game/__ExternalActors__/ThirdPerson/Maps/LavaArena/5/9W/5YH5PZ92MPZS7C8VDOBUG9
 |- Actor Path: /Game/ThirdPerson/Maps/LavaArena.LavaArena:PersistentLevel.StaticMeshActor_UAID_548D5AC72CA6D26002_1969774832
 |- Actor Package: /Game/__ExternalActors__/ThirdPerson/Maps/LavaArena/C/HX/77BDI3KFAFCUWWOIAJBBJC
 |- Actor Path: /Game/ThirdPerson/Maps/LavaArena.LavaArena:PersistentLevel.StaticMeshActor_UAID_548D5AC72CA6D76002_1544251725
 |- Actor Package: /Game/__ExternalActors__/ThirdPerson/Maps/LavaArena/8/AA/53IR4NSVI0GWYSH0ZB2DFJ
 |- Actor Path: /Game/ThirdPerson/Maps/LavaArena.LavaArena:PersistentLevel.StaticMeshActor_UAID_548D5AC72CA6D86002_1408804903
 |- Actor Package: /Game/__ExternalActors__/ThirdPerson/Maps/LavaArena/A/ND/9KA72F1292U0QQBP30S7IR
 |- Actor Path: /Game/ThirdPerson/Maps/LavaArena.LavaArena:PersistentLevel.StaticMeshActor_UAID_548D5AC72CA6D96002_1929457085
 |- Actor Package: /Game/__ExternalActors__/ThirdPerson/Maps/LavaArena/9/J7/ZH6G5DDM95EGQR809SS5NJ
 |- Actor Path: /Game/ThirdPerson/Maps/LavaArena.LavaArena:PersistentLevel.StaticMeshActor_UAID_A4AE111137DC5EFB00_1110535423
 |- Actor Package: /Game/__ExternalActors__/ThirdPerson/Maps/LavaArena/5/CU/RCZCKYKDTITF4RNN051QIB
 |- Actor Path: /Game/ThirdPerson/Maps/LavaArena.LavaArena:PersistentLevel.VolumetricCloud_0
 |- Actor Package: /Game/__ExternalActors__/ThirdPerson/Maps/LavaArena/B/MU/5NI5OWPI69QGNJI8TKPNS3
 |- Actor Path: /Game/ThirdPerson/Maps/LavaArena.LavaArena:PersistentLevel.WorldDataLayers
 |- Actor Package: /Game/__ExternalActors__/ThirdPerson/Maps/LavaArena/3/7S/ZJ3GOJLMMOUMFX24T6VLZR

----------------------------------------------------------------------------------------------------------------
LavaArena - Runtime Hash Set
----------------------------------------------------------------------------------------------------------------

