[+] Containers:
 |- [+] Container: /Game/ThirdPerson/Maps/LavaArena
 |   |- [+] ActorDescs:
 |   |   |- Guid:14984FFBBA1833DC92A5846076F97D52 NativeClass:/Script/Engine.DirectionalLight Name:DirectionalLight_0 Label:DirectionalLight SpatiallyLoaded:false EditorBounds:IsValid=false, Min=(X=0.000 Y=0.000 Z=0.000), Max=(X=0.000 Y=0.000 Z=0.000) RuntimeBounds:IsValid=false, Min=(X=0.000 Y=0.000 Z=0.000), Max=(X=0.000 Y=0.000 Z=0.000) RuntimeGrid:None EditorOnly:false RuntimeOnly:false HLODRelevant:false ListedInSceneOutliner:true IsMainWorldOnly:false FolderPath:Lighting FolderGuid:963EC3EB4002CCE9759E2EBA541A873A
 |   |   |- Guid:1DD76DAC4545A06FF6710992FC6C1EBC NativeClass:/Script/Engine.StaticMeshActor Name:StaticMeshActor_UAID_548D5AC72CA6D26002_1969774832 Label:TerrainGEN_3Model SpatiallyLoaded:true EditorBounds:IsValid=true, Min=(X=-1470.000 Y=-260.000 Z=34.698), Max=(X=2530.000 Y=3740.001 Z=344.870) RuntimeBounds:IsValid=true, Min=(X=-1470.000 Y=-260.000 Z=34.698), Max=(X=2530.000 Y=3740.001 Z=344.870) RuntimeGrid:None EditorOnly:false RuntimeOnly:false HLODRelevant:true ListedInSceneOutliner:true IsMainWorldOnly:false
 |   |   |- Guid:2C6F761CC9563BF3BCBD8248DFF92B3C NativeClass:/Script/Engine.ExponentialHeightFog Name:ExponentialHeightFog_0 Label:ExponentialHeightFog SpatiallyLoaded:false EditorBounds:IsValid=true, Min=(X=-5728.000 Y=-178.000 Z=-6978.000), Max=(X=-5472.000 Y=78.000 Z=-6722.000) RuntimeBounds:IsValid=true, Min=(X=-5600.000 Y=-50.000 Z=-6850.000), Max=(X=-5600.000 Y=-50.000 Z=-6850.000) RuntimeGrid:None EditorOnly:false RuntimeOnly:false HLODRelevant:false ListedInSceneOutliner:true IsMainWorldOnly:false FolderPath:Lighting FolderGuid:963EC3EB4002CCE9759E2EBA541A873A
 |   |   |- Guid:379C7BF64EEA330FAC9C13A648E3709D NativeClass:/Script/Engine.SkyAtmosphere Name:SkyAtmosphere_0 Label:SkyAtmosphere SpatiallyLoaded:false EditorBounds:IsValid=true, Min=(X=-128.000 Y=-128.000 Z=892.000), Max=(X=240.000 Y=128.000 Z=1148.000) RuntimeBounds:IsValid=true, Min=(X=0.000 Y=0.000 Z=1020.000), Max=(X=0.000 Y=0.000 Z=1020.000) RuntimeGrid:None EditorOnly:false RuntimeOnly:false HLODRelevant:false ListedInSceneOutliner:true IsMainWorldOnly:false FolderPath:Lighting FolderGuid:963EC3EB4002CCE9759E2EBA541A873A
 |   |   |- Guid:63210727416997F58588B688452EBA7A NativeClass:/Script/Engine.StaticMeshActor Name:StaticMeshActor_UAID_548D5AC72CA6D46002_2145809190 Label:Cube4 SpatiallyLoaded:true EditorBounds:IsValid=true, Min=(X=2570.000 Y=-180.000 Z=-210.000), Max=(X=2670.000 Y=4020.000 Z=290.000) RuntimeBounds:IsValid=true, Min=(X=2570.000 Y=-180.000 Z=-210.000), Max=(X=2670.000 Y=4020.000 Z=290.000) RuntimeGrid:None EditorOnly:false RuntimeOnly:false HLODRelevant:true ListedInSceneOutliner:true IsMainWorldOnly:false
 |   |   |- Guid:6C00604DAA3E3CA796F11D69D740C270 NativeClass:/Script/Engine.SkyLight Name:SkyLight_1 Label:SkyLight SpatiallyLoaded:false EditorBounds:IsValid=true, Min=(X=-1.000 Y=-1.000 Z=-1.000), Max=(X=1.000 Y=1.000 Z=690.000) RuntimeBounds:IsValid=true, Min=(X=0.000 Y=0.000 Z=690.000), Max=(X=0.000 Y=0.000 Z=690.000) RuntimeGrid:None EditorOnly:false RuntimeOnly:false HLODRelevant:false ListedInSceneOutliner:true IsMainWorldOnly:false FolderPath:Lighting FolderGuid:963EC3EB4002CCE9759E2EBA541A873A
 |   |   |- Guid:7978CD2D02363B0CB3CA7913F32C27C7 NativeClass:/Script/Engine.VolumetricCloud Name:VolumetricCloud_0 Label:VolumetricCloud SpatiallyLoaded:false EditorBounds:IsValid=true, Min=(X=-128.000 Y=-128.000 Z=692.000), Max=(X=128.000 Y=128.000 Z=948.000) RuntimeBounds:IsValid=true, Min=(X=0.000 Y=0.000 Z=820.000), Max=(X=0.000 Y=0.000 Z=820.000) RuntimeGrid:None EditorOnly:false RuntimeOnly:false HLODRelevant:false ListedInSceneOutliner:true IsMainWorldOnly:false FolderPath:Lighting FolderGuid:963EC3EB4002CCE9759E2EBA541A873A
 |   |   |- Guid:7DDC1D78E5E0382AA2852148C876C51C NativeClass:/Script/Engine.PostProcessVolume Name:PostProcessVolume_0 Label:PostProcessVolume SpatiallyLoaded:false EditorBounds:IsValid=true, Min=(X=0.000 Y=0.000 Z=400.000), Max=(X=200.000 Y=200.000 Z=600.000) RuntimeBounds:IsValid=true, Min=(X=0.000 Y=0.000 Z=400.000), Max=(X=200.000 Y=200.000 Z=600.000) RuntimeGrid:None EditorOnly:false RuntimeOnly:false HLODRelevant:false ListedInSceneOutliner:true IsMainWorldOnly:false FolderPath:Lighting FolderGuid:963EC3EB4002CCE9759E2EBA541A873A
 |   |   |- Guid:7F92022642337A2EE113AD8B280A0F6D NativeClass:/Script/Engine.StaticMeshActor Name:StaticMeshActor_UAID_548D5AC72CA6D46002_2073292187 Label:Cube2 SpatiallyLoaded:true EditorBounds:IsValid=true, Min=(X=-1530.000 Y=3900.000 Z=-210.000), Max=(X=2670.000 Y=4000.000 Z=290.000) RuntimeBounds:IsValid=true, Min=(X=-1530.000 Y=3900.000 Z=-210.000), Max=(X=2670.000 Y=4000.000 Z=290.000) RuntimeGrid:None EditorOnly:false RuntimeOnly:false HLODRelevant:true ListedInSceneOutliner:true IsMainWorldOnly:false
 |   |   |- Guid:8759259110DC304A87802CD763DCF2AD NativeClass:/Script/Engine.WorldDataLayers Name:WorldDataLayers Label:WorldDataLayers SpatiallyLoaded:false EditorBounds:IsValid=false, Min=(X=0.000 Y=0.000 Z=0.000), Max=(X=0.000 Y=0.000 Z=0.000) RuntimeBounds:IsValid=false, Min=(X=0.000 Y=0.000 Z=0.000), Max=(X=0.000 Y=0.000 Z=0.000) RuntimeGrid:None EditorOnly:false RuntimeOnly:false HLODRelevant:false ListedInSceneOutliner:true IsMainWorldOnly:true
 |   |   |- Guid:94D8773F472DDA72488B3AB09F2E647D NativeClass:/Script/Engine.StaticMeshActor Name:StaticMeshActor_UAID_548D5AC72CA6D46002_2086929188 Label:Cube3 SpatiallyLoaded:true EditorBounds:IsValid=true, Min=(X=-1560.000 Y=-180.000 Z=-210.000), Max=(X=-1460.000 Y=3920.000 Z=290.000) RuntimeBounds:IsValid=true, Min=(X=-1560.000 Y=-180.000 Z=-210.000), Max=(X=-1460.000 Y=3920.000 Z=290.000) RuntimeGrid:None EditorOnly:false RuntimeOnly:false HLODRelevant:true ListedInSceneOutliner:true IsMainWorldOnly:false
 |   |   |- Guid:98230D732C5E3B7E83FED93E6E8A2498 NativeClass:/Script/Engine.PlayerStart Name:PlayerStart_0 Label:PlayerStart SpatiallyLoaded:false EditorBounds:IsValid=true, Min=(X=-428.000 Y=982.000 Z=44.013), Max=(X=-60.000 Y=1238.000 Z=300.013) RuntimeBounds:IsValid=true, Min=(X=-340.000 Y=1070.000 Z=80.013), Max=(X=-260.000 Y=1150.000 Z=264.013) RuntimeGrid:None EditorOnly:false RuntimeOnly:false HLODRelevant:false ListedInSceneOutliner:true IsMainWorldOnly:false
 |   |   |- Guid:A9B4694D46CE0310593B35BEB0A5E658 NativeClass:/Script/Engine.StaticMeshActor Name:StaticMeshActor_UAID_548D5AC72CA6D46002_1924444186 Label:Cube SpatiallyLoaded:true EditorBounds:IsValid=true, Min=(X=-1540.000 Y=-250.000 Z=-210.000), Max=(X=2660.000 Y=-150.000 Z=290.000) RuntimeBounds:IsValid=true, Min=(X=-1540.000 Y=-250.000 Z=-210.000), Max=(X=2660.000 Y=-150.000 Z=290.000) RuntimeGrid:None EditorOnly:false RuntimeOnly:false HLODRelevant:true ListedInSceneOutliner:true IsMainWorldOnly:false
 |   |   |- Guid:AFF007F31E053BF39407ED4E28BA2110 NativeClass:/Script/Engine.StaticMeshActor Name:StaticMeshActor_UAID_A4AE111137DC5EFB00_1110535423 Label:SM_SkySphere SpatiallyLoaded:false EditorBounds:IsValid=true, Min=(X=-1638400.000 Y=-1638400.000 Z=-1638400.000), Max=(X=1638400.000 Y=1638400.000 Z=1638400.000) RuntimeBounds:IsValid=true, Min=(X=-1638400.000 Y=-1638400.000 Z=-1638400.000), Max=(X=1638400.000 Y=1638400.000 Z=1638400.000) RuntimeGrid:None EditorOnly:false RuntimeOnly:false HLODRelevant:false ListedInSceneOutliner:true IsMainWorldOnly:false FolderPath:Lighting FolderGuid:963EC3EB4002CCE9759E2EBA541A873A
 |   |- [+] Clusters:
 |   |   |- [+] [  0]
 |   |   |   |- Guid:14984FFBBA1833DC92A5846076F97D52 NativeClass:/Script/Engine.DirectionalLight Name:DirectionalLight_0 Label:DirectionalLight SpatiallyLoaded:false EditorBounds:IsValid=false, Min=(X=0.000 Y=0.000 Z=0.000), Max=(X=0.000 Y=0.000 Z=0.000) RuntimeBounds:IsValid=false, Min=(X=0.000 Y=0.000 Z=0.000), Max=(X=0.000 Y=0.000 Z=0.000) RuntimeGrid:None EditorOnly:false RuntimeOnly:false HLODRelevant:false ListedInSceneOutliner:true IsMainWorldOnly:false FolderPath:Lighting FolderGuid:963EC3EB4002CCE9759E2EBA541A873A
 |   |   |- [+] [  1]
 |   |   |   |- Guid:1DD76DAC4545A06FF6710992FC6C1EBC NativeClass:/Script/Engine.StaticMeshActor Name:StaticMeshActor_UAID_548D5AC72CA6D26002_1969774832 Label:TerrainGEN_3Model SpatiallyLoaded:true EditorBounds:IsValid=true, Min=(X=-1470.000 Y=-260.000 Z=34.698), Max=(X=2530.000 Y=3740.001 Z=344.870) RuntimeBounds:IsValid=true, Min=(X=-1470.000 Y=-260.000 Z=34.698), Max=(X=2530.000 Y=3740.001 Z=344.870) RuntimeGrid:None EditorOnly:false RuntimeOnly:false HLODRelevant:true ListedInSceneOutliner:true IsMainWorldOnly:false
 |   |   |- [+] [  2]
 |   |   |   |- Guid:2C6F761CC9563BF3BCBD8248DFF92B3C NativeClass:/Script/Engine.ExponentialHeightFog Name:ExponentialHeightFog_0 Label:ExponentialHeightFog SpatiallyLoaded:false EditorBounds:IsValid=true, Min=(X=-5728.000 Y=-178.000 Z=-6978.000), Max=(X=-5472.000 Y=78.000 Z=-6722.000) RuntimeBounds:IsValid=true, Min=(X=-5600.000 Y=-50.000 Z=-6850.000), Max=(X=-5600.000 Y=-50.000 Z=-6850.000) RuntimeGrid:None EditorOnly:false RuntimeOnly:false HLODRelevant:false ListedInSceneOutliner:true IsMainWorldOnly:false FolderPath:Lighting FolderGuid:963EC3EB4002CCE9759E2EBA541A873A
 |   |   |- [+] [  3]
 |   |   |   |- Guid:379C7BF64EEA330FAC9C13A648E3709D NativeClass:/Script/Engine.SkyAtmosphere Name:SkyAtmosphere_0 Label:SkyAtmosphere SpatiallyLoaded:false EditorBounds:IsValid=true, Min=(X=-128.000 Y=-128.000 Z=892.000), Max=(X=240.000 Y=128.000 Z=1148.000) RuntimeBounds:IsValid=true, Min=(X=0.000 Y=0.000 Z=1020.000), Max=(X=0.000 Y=0.000 Z=1020.000) RuntimeGrid:None EditorOnly:false RuntimeOnly:false HLODRelevant:false ListedInSceneOutliner:true IsMainWorldOnly:false FolderPath:Lighting FolderGuid:963EC3EB4002CCE9759E2EBA541A873A
 |   |   |- [+] [  4]
 |   |   |   |- Guid:63210727416997F58588B688452EBA7A NativeClass:/Script/Engine.StaticMeshActor Name:StaticMeshActor_UAID_548D5AC72CA6D46002_2145809190 Label:Cube4 SpatiallyLoaded:true EditorBounds:IsValid=true, Min=(X=2570.000 Y=-180.000 Z=-210.000), Max=(X=2670.000 Y=4020.000 Z=290.000) RuntimeBounds:IsValid=true, Min=(X=2570.000 Y=-180.000 Z=-210.000), Max=(X=2670.000 Y=4020.000 Z=290.000) RuntimeGrid:None EditorOnly:false RuntimeOnly:false HLODRelevant:true ListedInSceneOutliner:true IsMainWorldOnly:false
 |   |   |- [+] [  5]
 |   |   |   |- Guid:6C00604DAA3E3CA796F11D69D740C270 NativeClass:/Script/Engine.SkyLight Name:SkyLight_1 Label:SkyLight SpatiallyLoaded:false EditorBounds:IsValid=true, Min=(X=-1.000 Y=-1.000 Z=-1.000), Max=(X=1.000 Y=1.000 Z=690.000) RuntimeBounds:IsValid=true, Min=(X=0.000 Y=0.000 Z=690.000), Max=(X=0.000 Y=0.000 Z=690.000) RuntimeGrid:None EditorOnly:false RuntimeOnly:false HLODRelevant:false ListedInSceneOutliner:true IsMainWorldOnly:false FolderPath:Lighting FolderGuid:963EC3EB4002CCE9759E2EBA541A873A
 |   |   |- [+] [  6]
 |   |   |   |- Guid:7978CD2D02363B0CB3CA7913F32C27C7 NativeClass:/Script/Engine.VolumetricCloud Name:VolumetricCloud_0 Label:VolumetricCloud SpatiallyLoaded:false EditorBounds:IsValid=true, Min=(X=-128.000 Y=-128.000 Z=692.000), Max=(X=128.000 Y=128.000 Z=948.000) RuntimeBounds:IsValid=true, Min=(X=0.000 Y=0.000 Z=820.000), Max=(X=0.000 Y=0.000 Z=820.000) RuntimeGrid:None EditorOnly:false RuntimeOnly:false HLODRelevant:false ListedInSceneOutliner:true IsMainWorldOnly:false FolderPath:Lighting FolderGuid:963EC3EB4002CCE9759E2EBA541A873A
 |   |   |- [+] [  7]
 |   |   |   |- Guid:7DDC1D78E5E0382AA2852148C876C51C NativeClass:/Script/Engine.PostProcessVolume Name:PostProcessVolume_0 Label:PostProcessVolume SpatiallyLoaded:false EditorBounds:IsValid=true, Min=(X=0.000 Y=0.000 Z=400.000), Max=(X=200.000 Y=200.000 Z=600.000) RuntimeBounds:IsValid=true, Min=(X=0.000 Y=0.000 Z=400.000), Max=(X=200.000 Y=200.000 Z=600.000) RuntimeGrid:None EditorOnly:false RuntimeOnly:false HLODRelevant:false ListedInSceneOutliner:true IsMainWorldOnly:false FolderPath:Lighting FolderGuid:963EC3EB4002CCE9759E2EBA541A873A
 |   |   |- [+] [  8]
 |   |   |   |- Guid:7F92022642337A2EE113AD8B280A0F6D NativeClass:/Script/Engine.StaticMeshActor Name:StaticMeshActor_UAID_548D5AC72CA6D46002_2073292187 Label:Cube2 SpatiallyLoaded:true EditorBounds:IsValid=true, Min=(X=-1530.000 Y=3900.000 Z=-210.000), Max=(X=2670.000 Y=4000.000 Z=290.000) RuntimeBounds:IsValid=true, Min=(X=-1530.000 Y=3900.000 Z=-210.000), Max=(X=2670.000 Y=4000.000 Z=290.000) RuntimeGrid:None EditorOnly:false RuntimeOnly:false HLODRelevant:true ListedInSceneOutliner:true IsMainWorldOnly:false
 |   |   |- [+] [  9]
 |   |   |   |- Guid:8759259110DC304A87802CD763DCF2AD NativeClass:/Script/Engine.WorldDataLayers Name:WorldDataLayers Label:WorldDataLayers SpatiallyLoaded:false EditorBounds:IsValid=false, Min=(X=0.000 Y=0.000 Z=0.000), Max=(X=0.000 Y=0.000 Z=0.000) RuntimeBounds:IsValid=false, Min=(X=0.000 Y=0.000 Z=0.000), Max=(X=0.000 Y=0.000 Z=0.000) RuntimeGrid:None EditorOnly:false RuntimeOnly:false HLODRelevant:false ListedInSceneOutliner:true IsMainWorldOnly:true
 |   |   |- [+] [ 10]
 |   |   |   |- Guid:94D8773F472DDA72488B3AB09F2E647D NativeClass:/Script/Engine.StaticMeshActor Name:StaticMeshActor_UAID_548D5AC72CA6D46002_2086929188 Label:Cube3 SpatiallyLoaded:true EditorBounds:IsValid=true, Min=(X=-1560.000 Y=-180.000 Z=-210.000), Max=(X=-1460.000 Y=3920.000 Z=290.000) RuntimeBounds:IsValid=true, Min=(X=-1560.000 Y=-180.000 Z=-210.000), Max=(X=-1460.000 Y=3920.000 Z=290.000) RuntimeGrid:None EditorOnly:false RuntimeOnly:false HLODRelevant:true ListedInSceneOutliner:true IsMainWorldOnly:false
 |   |   |- [+] [ 11]
 |   |   |   |- Guid:98230D732C5E3B7E83FED93E6E8A2498 NativeClass:/Script/Engine.PlayerStart Name:PlayerStart_0 Label:PlayerStart SpatiallyLoaded:false EditorBounds:IsValid=true, Min=(X=-428.000 Y=982.000 Z=44.013), Max=(X=-60.000 Y=1238.000 Z=300.013) RuntimeBounds:IsValid=true, Min=(X=-340.000 Y=1070.000 Z=80.013), Max=(X=-260.000 Y=1150.000 Z=264.013) RuntimeGrid:None EditorOnly:false RuntimeOnly:false HLODRelevant:false ListedInSceneOutliner:true IsMainWorldOnly:false
 |   |   |- [+] [ 12]
 |   |   |   |- Guid:A9B4694D46CE0310593B35BEB0A5E658 NativeClass:/Script/Engine.StaticMeshActor Name:StaticMeshActor_UAID_548D5AC72CA6D46002_1924444186 Label:Cube SpatiallyLoaded:true EditorBounds:IsValid=true, Min=(X=-1540.000 Y=-250.000 Z=-210.000), Max=(X=2660.000 Y=-150.000 Z=290.000) RuntimeBounds:IsValid=true, Min=(X=-1540.000 Y=-250.000 Z=-210.000), Max=(X=2660.000 Y=-150.000 Z=290.000) RuntimeGrid:None EditorOnly:false RuntimeOnly:false HLODRelevant:true ListedInSceneOutliner:true IsMainWorldOnly:false
 |   |   |- [+] [ 13]
 |   |   |   |- Guid:AFF007F31E053BF39407ED4E28BA2110 NativeClass:/Script/Engine.StaticMeshActor Name:StaticMeshActor_UAID_A4AE111137DC5EFB00_1110535423 Label:SM_SkySphere SpatiallyLoaded:false EditorBounds:IsValid=true, Min=(X=-1638400.000 Y=-1638400.000 Z=-1638400.000), Max=(X=1638400.000 Y=1638400.000 Z=1638400.000) RuntimeBounds:IsValid=true, Min=(X=-1638400.000 Y=-1638400.000 Z=-1638400.000), Max=(X=1638400.000 Y=1638400.000 Z=1638400.000) RuntimeGrid:None EditorOnly:false RuntimeOnly:false HLODRelevant:false ListedInSceneOutliner:true IsMainWorldOnly:false FolderPath:Lighting FolderGuid:963EC3EB4002CCE9759E2EBA541A873A
 |- ContainerInstances:
 |- [+] MainContainer:
 |   |-        ID: 00000000000000000000000000000000
 |   |-  ParentID: 00000000000000000000000000000000
 |   |-    Bounds: IsValid=false, Min=(X=0.000 Y=0.000 Z=0.000), Max=(X=0.000 Y=0.000 Z=0.000)
 |   |- Transform: 0.000000,0.000000,0.000000|0.000000,0.000000,-0.000000|1.000000,1.000000,1.000000
 |   |- Container: /Game/ThirdPerson/Maps/LavaArena
----------------------------------------------------------------------------------------------------------------
LavaArena - Persistent Level
----------------------------------------------------------------------------------------------------------------
[+] Content of LavaArena Persistent Level
 |- Always loaded Actor Count: 14 
 |- Actor Path: /Game/ThirdPerson/Maps/LavaArena.LavaArena:PersistentLevel.DirectionalLight_0
 |- Actor Package: /Game/__ExternalActors__/ThirdPerson/Maps/LavaArena/6/E9/RNJ92XZNE28UAKFKYBNOXM
 |- Actor Path: /Game/ThirdPerson/Maps/LavaArena.LavaArena:PersistentLevel.ExponentialHeightFog_0
 |- Actor Package: /Game/__ExternalActors__/ThirdPerson/Maps/LavaArena/1/G3/9EQSRCJNMNC6R8TPYUIMA8
 |- Actor Path: /Game/ThirdPerson/Maps/LavaArena.LavaArena:PersistentLevel.PlayerStart_0
 |- Actor Package: /Game/__ExternalActors__/ThirdPerson/Maps/LavaArena/3/MV/PZMRFR89KS2LZNM8QBUTDF
 |- Actor Path: /Game/ThirdPerson/Maps/LavaArena.LavaArena:PersistentLevel.PostProcessVolume_0
 |- Actor Package: /Game/__ExternalActors__/ThirdPerson/Maps/LavaArena/0/HM/8564NCKQ44F9DEEVYZFVW7
 |- Actor Path: /Game/ThirdPerson/Maps/LavaArena.LavaArena:PersistentLevel.SkyAtmosphere_0
 |- Actor Package: /Game/__ExternalActors__/ThirdPerson/Maps/LavaArena/7/8X/1B3TM8Z29NGS21KBLRTID1
 |- Actor Path: /Game/ThirdPerson/Maps/LavaArena.LavaArena:PersistentLevel.SkyLight_1
 |- Actor Package: /Game/__ExternalActors__/ThirdPerson/Maps/LavaArena/5/9W/5YH5PZ92MPZS7C8VDOBUG9
 |- Actor Path: /Game/ThirdPerson/Maps/LavaArena.LavaArena:PersistentLevel.StaticMeshActor_UAID_548D5AC72CA6D26002_1969774832
 |- Actor Package: /Game/__ExternalActors__/ThirdPerson/Maps/LavaArena/C/HX/77BDI3KFAFCUWWOIAJBBJC
 |- Actor Path: /Game/ThirdPerson/Maps/LavaArena.LavaArena:PersistentLevel.StaticMeshActor_UAID_548D5AC72CA6D46002_1924444186
 |- Actor Package: /Game/__ExternalActors__/ThirdPerson/Maps/LavaArena/B/0G/L827OJVBXR5TH5C04ZZG4P
 |- Actor Path: /Game/ThirdPerson/Maps/LavaArena.LavaArena:PersistentLevel.StaticMeshActor_UAID_548D5AC72CA6D46002_2073292187
 |- Actor Package: /Game/__ExternalActors__/ThirdPerson/Maps/LavaArena/8/QM/O6P656KW1LFGNV36TM2CC1
 |- Actor Path: /Game/ThirdPerson/Maps/LavaArena.LavaArena:PersistentLevel.StaticMeshActor_UAID_548D5AC72CA6D46002_2086929188
 |- Actor Package: /Game/__ExternalActors__/ThirdPerson/Maps/LavaArena/C/LB/O978Y3GH5N7OYZT62DQ6KO
 |- Actor Path: /Game/ThirdPerson/Maps/LavaArena.LavaArena:PersistentLevel.StaticMeshActor_UAID_548D5AC72CA6D46002_2145809190
 |- Actor Package: /Game/__ExternalActors__/ThirdPerson/Maps/LavaArena/5/B5/XH297PL5E5UH8QRDDEY6W2
 |- Actor Path: /Game/ThirdPerson/Maps/LavaArena.LavaArena:PersistentLevel.StaticMeshActor_UAID_A4AE111137DC5EFB00_1110535423
 |- Actor Package: /Game/__ExternalActors__/ThirdPerson/Maps/LavaArena/5/CU/RCZCKYKDTITF4RNN051QIB
 |- Actor Path: /Game/ThirdPerson/Maps/LavaArena.LavaArena:PersistentLevel.VolumetricCloud_0
 |- Actor Package: /Game/__ExternalActors__/ThirdPerson/Maps/LavaArena/B/MU/5NI5OWPI69QGNJI8TKPNS3
 |- Actor Path: /Game/ThirdPerson/Maps/LavaArena.LavaArena:PersistentLevel.WorldDataLayers
 |- Actor Package: /Game/__ExternalActors__/ThirdPerson/Maps/LavaArena/3/7S/ZJ3GOJLMMOUMFX24T6VLZR

----------------------------------------------------------------------------------------------------------------
LavaArena - Runtime Hash Set
----------------------------------------------------------------------------------------------------------------

