[+] Containers:
 |- [+] Container: /Game/ThirdPerson/Maps/LavaArena
 |   |- [+] ActorDescs:
 |   |   |- Guid:0929DE934CF741F60DBA2D903AC8AD1B NativeClass:/Script/Engine.StaticMeshActor Name:StaticMeshActor_UAID_548D5AC72CA6D86002_1769708905 Label:Crater_4 SpatiallyLoaded:true EditorBounds:IsValid=true, Min=(X=1822.432 Y=2541.398 Z=380.370), Max=(X=2749.828 Y=3522.943 Z=572.648) RuntimeBounds:IsValid=true, Min=(X=1822.432 Y=2541.398 Z=380.370), Max=(X=2749.828 Y=3522.943 Z=572.648) RuntimeGrid:None EditorOnly:false RuntimeOnly:false HLODRelevant:true ListedInSceneOutliner:true IsMainWorldOnly:false
 |   |   |- Guid:14984FFBBA1833DC92A5846076F97D52 NativeClass:/Script/Engine.DirectionalLight Name:DirectionalLight_0 Label:DirectionalLight SpatiallyLoaded:false EditorBounds:IsValid=false, Min=(X=0.000 Y=0.000 Z=0.000), Max=(X=0.000 Y=0.000 Z=0.000) RuntimeBounds:IsValid=false, Min=(X=0.000 Y=0.000 Z=0.000), Max=(X=0.000 Y=0.000 Z=0.000) RuntimeGrid:None EditorOnly:false RuntimeOnly:false HLODRelevant:false ListedInSceneOutliner:true IsMainWorldOnly:false FolderPath:Lighting FolderGuid:963EC3EB4002CCE9759E2EBA541A873A
 |   |   |- Guid:17397FE74C03DCDF1BA106B6979D4B9D NativeClass:/Script/Engine.StaticMeshActor Name:StaticMeshActor_UAID_548D5AC72CA6D76002_1544251725 Label:Crater_2 SpatiallyLoaded:true EditorBounds:IsValid=true, Min=(X=-6114.926 Y=-5232.987 Z=-802.963), Max=(X=6497.656 Y=8116.030 Z=1812.018) RuntimeBounds:IsValid=true, Min=(X=-6114.926 Y=-5232.987 Z=-802.963), Max=(X=6497.656 Y=8116.030 Z=1812.018) RuntimeGrid:None EditorOnly:false RuntimeOnly:false HLODRelevant:true ListedInSceneOutliner:true IsMainWorldOnly:false
 |   |   |- Guid:1DD76DAC4545A06FF6710992FC6C1EBC NativeClass:/Script/Engine.StaticMeshActor Name:StaticMeshActor_UAID_548D5AC72CA6D26002_1969774832 Label:TerrainGEN_3Model SpatiallyLoaded:true EditorBounds:IsValid=true, Min=(X=-2690.000 Y=-1810.000 Z=364.698), Max=(X=3710.000 Y=4590.001 Z=674.870) RuntimeBounds:IsValid=true, Min=(X=-2690.000 Y=-1810.000 Z=364.698), Max=(X=3710.000 Y=4590.001 Z=674.870) RuntimeGrid:None EditorOnly:false RuntimeOnly:false HLODRelevant:true ListedInSceneOutliner:true IsMainWorldOnly:false
 |   |   |- Guid:2C6F761CC9563BF3BCBD8248DFF92B3C NativeClass:/Script/Engine.ExponentialHeightFog Name:ExponentialHeightFog_0 Label:ExponentialHeightFog SpatiallyLoaded:false EditorBounds:IsValid=true, Min=(X=-5728.000 Y=-178.000 Z=-6978.000), Max=(X=-5472.000 Y=78.000 Z=-6722.000) RuntimeBounds:IsValid=true, Min=(X=-5600.000 Y=-50.000 Z=-6850.000), Max=(X=-5600.000 Y=-50.000 Z=-6850.000) RuntimeGrid:None EditorOnly:false RuntimeOnly:false HLODRelevant:false ListedInSceneOutliner:true IsMainWorldOnly:false FolderPath:Lighting FolderGuid:963EC3EB4002CCE9759E2EBA541A873A
 |   |   |- Guid:379C7BF64EEA330FAC9C13A648E3709D NativeClass:/Script/Engine.SkyAtmosphere Name:SkyAtmosphere_0 Label:SkyAtmosphere SpatiallyLoaded:false EditorBounds:IsValid=true, Min=(X=-128.000 Y=-128.000 Z=892.000), Max=(X=240.000 Y=128.000 Z=1148.000) RuntimeBounds:IsValid=true, Min=(X=0.000 Y=0.000 Z=1020.000), Max=(X=0.000 Y=0.000 Z=1020.000) RuntimeGrid:None EditorOnly:false RuntimeOnly:false HLODRelevant:false ListedInSceneOutliner:true IsMainWorldOnly:false FolderPath:Lighting FolderGuid:963EC3EB4002CCE9759E2EBA541A873A
 |   |   |- Guid:6C00604DAA3E3CA796F11D69D740C270 NativeClass:/Script/Engine.SkyLight Name:SkyLight_1 Label:SkyLight SpatiallyLoaded:false EditorBounds:IsValid=true, Min=(X=-1.000 Y=-1.000 Z=-1.000), Max=(X=1.000 Y=1.000 Z=690.000) RuntimeBounds:IsValid=true, Min=(X=0.000 Y=0.000 Z=690.000), Max=(X=0.000 Y=0.000 Z=690.000) RuntimeGrid:None EditorOnly:false RuntimeOnly:false HLODRelevant:false ListedInSceneOutliner:true IsMainWorldOnly:false FolderPath:Lighting FolderGuid:963EC3EB4002CCE9759E2EBA541A873A
 |   |   |- Guid:7978CD2D02363B0CB3CA7913F32C27C7 NativeClass:/Script/Engine.VolumetricCloud Name:VolumetricCloud_0 Label:VolumetricCloud SpatiallyLoaded:false EditorBounds:IsValid=true, Min=(X=-128.000 Y=-128.000 Z=692.000), Max=(X=128.000 Y=128.000 Z=948.000) RuntimeBounds:IsValid=true, Min=(X=0.000 Y=0.000 Z=820.000), Max=(X=0.000 Y=0.000 Z=820.000) RuntimeGrid:None EditorOnly:false RuntimeOnly:false HLODRelevant:false ListedInSceneOutliner:true IsMainWorldOnly:false FolderPath:Lighting FolderGuid:963EC3EB4002CCE9759E2EBA541A873A
 |   |   |- Guid:7DDC1D78E5E0382AA2852148C876C51C NativeClass:/Script/Engine.PostProcessVolume Name:PostProcessVolume_0 Label:PostProcessVolume SpatiallyLoaded:false EditorBounds:IsValid=true, Min=(X=0.000 Y=0.000 Z=400.000), Max=(X=200.000 Y=200.000 Z=600.000) RuntimeBounds:IsValid=true, Min=(X=0.000 Y=0.000 Z=400.000), Max=(X=200.000 Y=200.000 Z=600.000) RuntimeGrid:None EditorOnly:false RuntimeOnly:false HLODRelevant:false ListedInSceneOutliner:true IsMainWorldOnly:false FolderPath:Lighting FolderGuid:963EC3EB4002CCE9759E2EBA541A873A
 |   |   |- Guid:8759259110DC304A87802CD763DCF2AD NativeClass:/Script/Engine.WorldDataLayers Name:WorldDataLayers Label:WorldDataLayers SpatiallyLoaded:false EditorBounds:IsValid=false, Min=(X=0.000 Y=0.000 Z=0.000), Max=(X=0.000 Y=0.000 Z=0.000) RuntimeBounds:IsValid=false, Min=(X=0.000 Y=0.000 Z=0.000), Max=(X=0.000 Y=0.000 Z=0.000) RuntimeGrid:None EditorOnly:false RuntimeOnly:false HLODRelevant:false ListedInSceneOutliner:true IsMainWorldOnly:true
 |   |   |- Guid:94721FB5476EB85B32FC6AB74BAE6C15 NativeClass:/Script/Engine.StaticMeshActor Name:StaticMeshActor_UAID_548D5AC72CA6DA6002_1157420262 Label:Crater_7 SpatiallyLoaded:true EditorBounds:IsValid=true, Min=(X=-272.054 Y=3005.118 Z=456.296), Max=(X=469.862 Y=3790.355 Z=610.119) RuntimeBounds:IsValid=true, Min=(X=-272.054 Y=3005.118 Z=456.296), Max=(X=469.862 Y=3790.355 Z=610.119) RuntimeGrid:None EditorOnly:false RuntimeOnly:false HLODRelevant:true ListedInSceneOutliner:true IsMainWorldOnly:false
 |   |   |- Guid:98230D732C5E3B7E83FED93E6E8A2498 NativeClass:/Script/Engine.PlayerStart Name:PlayerStart_0 Label:PlayerStart SpatiallyLoaded:false EditorBounds:IsValid=true, Min=(X=2224.726 Y=-548.000 Z=344.013), Max=(X=2588.000 Y=-204.447 Z=600.013) RuntimeBounds:IsValid=true, Min=(X=2403.647 Y=-476.353 Z=380.013), Max=(X=2516.353 Y=-363.647 Z=564.013) RuntimeGrid:None EditorOnly:false RuntimeOnly:false HLODRelevant:false ListedInSceneOutliner:true IsMainWorldOnly:false
 |   |   |- Guid:AFF007F31E053BF39407ED4E28BA2110 NativeClass:/Script/Engine.StaticMeshActor Name:StaticMeshActor_UAID_A4AE111137DC5EFB00_1110535423 Label:SM_SkySphere SpatiallyLoaded:false EditorBounds:IsValid=true, Min=(X=-1638400.000 Y=-1638400.000 Z=-1638400.000), Max=(X=1638400.000 Y=1638400.000 Z=1638400.000) RuntimeBounds:IsValid=true, Min=(X=-1638400.000 Y=-1638400.000 Z=-1638400.000), Max=(X=1638400.000 Y=1638400.000 Z=1638400.000) RuntimeGrid:None EditorOnly:false RuntimeOnly:false HLODRelevant:false ListedInSceneOutliner:true IsMainWorldOnly:false FolderPath:Lighting FolderGuid:963EC3EB4002CCE9759E2EBA541A873A
 |   |   |- Guid:B63F02044DDC806DE56576904C0F1E67 NativeClass:/Script/Engine.StaticMeshActor Name:StaticMeshActor_UAID_548D5AC72CA6D96002_1929457085 Label:volcano1 SpatiallyLoaded:true EditorBounds:IsValid=true, Min=(X=-2789.305 Y=-2085.464 Z=362.810), Max=(X=193.446 Y=897.287 Z=1205.507) RuntimeBounds:IsValid=true, Min=(X=-2789.305 Y=-2085.464 Z=362.810), Max=(X=193.446 Y=897.287 Z=1205.507) RuntimeGrid:None EditorOnly:false RuntimeOnly:false HLODRelevant:true ListedInSceneOutliner:true IsMainWorldOnly:false
 |   |   |- Guid:B6D33E7D4BFB6B54A5997A895D38D0D1 NativeClass:/Script/Engine.StaticMeshActor Name:StaticMeshActor_UAID_548D5AC72CA6D86002_2116443907 Label:Crater_6 SpatiallyLoaded:true EditorBounds:IsValid=true, Min=(X=181.398 Y=-1749.828 Z=320.370), Max=(X=1162.943 Y=-822.432 Z=512.648) RuntimeBounds:IsValid=true, Min=(X=181.398 Y=-1749.828 Z=320.370), Max=(X=1162.943 Y=-822.432 Z=512.648) RuntimeGrid:None EditorOnly:false RuntimeOnly:false HLODRelevant:true ListedInSceneOutliner:true IsMainWorldOnly:false
 |   |   |- Guid:D5FB083F4F5D874CC1606CB62BC9B2C6 NativeClass:/Script/Engine.StaticMeshActor Name:StaticMeshActor_UAID_548D5AC72CA6D96002_1730679084 Label:Crater_5 SpatiallyLoaded:true EditorBounds:IsValid=true, Min=(X=407.946 Y=215.118 Z=336.296), Max=(X=1149.862 Y=1000.355 Z=490.119) RuntimeBounds:IsValid=true, Min=(X=407.946 Y=215.118 Z=336.296), Max=(X=1149.862 Y=1000.355 Z=490.119) RuntimeGrid:None EditorOnly:false RuntimeOnly:false HLODRelevant:true ListedInSceneOutliner:true IsMainWorldOnly:false
 |   |   |- Guid:E650347540AB11AFBF9F80AD0ED9C913 NativeClass:/Script/Engine.StaticMeshActor Name:StaticMeshActor_UAID_548D5AC72CA6D86002_1408804903 Label:Crater_01 SpatiallyLoaded:true EditorBounds:IsValid=true, Min=(X=-2778.919 Y=765.964 Z=158.889), Max=(X=118.301 Y=3740.858 Z=620.356) RuntimeBounds:IsValid=true, Min=(X=-2778.919 Y=765.964 Z=158.889), Max=(X=118.301 Y=3740.858 Z=620.356) RuntimeGrid:None EditorOnly:false RuntimeOnly:false HLODRelevant:true ListedInSceneOutliner:true IsMainWorldOnly:false
 |   |   |- Guid:F65557C840C70C23CE4B77838A7BE73C NativeClass:/Script/Engine.StaticMeshActor Name:StaticMeshActor_UAID_548D5AC72CA6D86002_1703352904 Label:Crater_3 SpatiallyLoaded:true EditorBounds:IsValid=true, Min=(X=2025.118 Y=840.138 Z=346.296), Max=(X=2810.355 Y=1582.054 Z=500.119) RuntimeBounds:IsValid=true, Min=(X=2025.118 Y=840.138 Z=346.296), Max=(X=2810.355 Y=1582.054 Z=500.119) RuntimeGrid:None EditorOnly:false RuntimeOnly:false HLODRelevant:true ListedInSceneOutliner:true IsMainWorldOnly:false
 |   |- [+] Clusters:
 |   |   |- [+] [  0]
 |   |   |   |- Guid:0929DE934CF741F60DBA2D903AC8AD1B NativeClass:/Script/Engine.StaticMeshActor Name:StaticMeshActor_UAID_548D5AC72CA6D86002_1769708905 Label:Crater_4 SpatiallyLoaded:true EditorBounds:IsValid=true, Min=(X=1822.432 Y=2541.398 Z=380.370), Max=(X=2749.828 Y=3522.943 Z=572.648) RuntimeBounds:IsValid=true, Min=(X=1822.432 Y=2541.398 Z=380.370), Max=(X=2749.828 Y=3522.943 Z=572.648) RuntimeGrid:None EditorOnly:false RuntimeOnly:false HLODRelevant:true ListedInSceneOutliner:true IsMainWorldOnly:false
 |   |   |- [+] [  1]
 |   |   |   |- Guid:14984FFBBA1833DC92A5846076F97D52 NativeClass:/Script/Engine.DirectionalLight Name:DirectionalLight_0 Label:DirectionalLight SpatiallyLoaded:false EditorBounds:IsValid=false, Min=(X=0.000 Y=0.000 Z=0.000), Max=(X=0.000 Y=0.000 Z=0.000) RuntimeBounds:IsValid=false, Min=(X=0.000 Y=0.000 Z=0.000), Max=(X=0.000 Y=0.000 Z=0.000) RuntimeGrid:None EditorOnly:false RuntimeOnly:false HLODRelevant:false ListedInSceneOutliner:true IsMainWorldOnly:false FolderPath:Lighting FolderGuid:963EC3EB4002CCE9759E2EBA541A873A
 |   |   |- [+] [  2]
 |   |   |   |- Guid:17397FE74C03DCDF1BA106B6979D4B9D NativeClass:/Script/Engine.StaticMeshActor Name:StaticMeshActor_UAID_548D5AC72CA6D76002_1544251725 Label:Crater_2 SpatiallyLoaded:true EditorBounds:IsValid=true, Min=(X=-6114.926 Y=-5232.987 Z=-802.963), Max=(X=6497.656 Y=8116.030 Z=1812.018) RuntimeBounds:IsValid=true, Min=(X=-6114.926 Y=-5232.987 Z=-802.963), Max=(X=6497.656 Y=8116.030 Z=1812.018) RuntimeGrid:None EditorOnly:false RuntimeOnly:false HLODRelevant:true ListedInSceneOutliner:true IsMainWorldOnly:false
 |   |   |- [+] [  3]
 |   |   |   |- Guid:1DD76DAC4545A06FF6710992FC6C1EBC NativeClass:/Script/Engine.StaticMeshActor Name:StaticMeshActor_UAID_548D5AC72CA6D26002_1969774832 Label:TerrainGEN_3Model SpatiallyLoaded:true EditorBounds:IsValid=true, Min=(X=-2690.000 Y=-1810.000 Z=364.698), Max=(X=3710.000 Y=4590.001 Z=674.870) RuntimeBounds:IsValid=true, Min=(X=-2690.000 Y=-1810.000 Z=364.698), Max=(X=3710.000 Y=4590.001 Z=674.870) RuntimeGrid:None EditorOnly:false RuntimeOnly:false HLODRelevant:true ListedInSceneOutliner:true IsMainWorldOnly:false
 |   |   |- [+] [  4]
 |   |   |   |- Guid:2C6F761CC9563BF3BCBD8248DFF92B3C NativeClass:/Script/Engine.ExponentialHeightFog Name:ExponentialHeightFog_0 Label:ExponentialHeightFog SpatiallyLoaded:false EditorBounds:IsValid=true, Min=(X=-5728.000 Y=-178.000 Z=-6978.000), Max=(X=-5472.000 Y=78.000 Z=-6722.000) RuntimeBounds:IsValid=true, Min=(X=-5600.000 Y=-50.000 Z=-6850.000), Max=(X=-5600.000 Y=-50.000 Z=-6850.000) RuntimeGrid:None EditorOnly:false RuntimeOnly:false HLODRelevant:false ListedInSceneOutliner:true IsMainWorldOnly:false FolderPath:Lighting FolderGuid:963EC3EB4002CCE9759E2EBA541A873A
 |   |   |- [+] [  5]
 |   |   |   |- Guid:379C7BF64EEA330FAC9C13A648E3709D NativeClass:/Script/Engine.SkyAtmosphere Name:SkyAtmosphere_0 Label:SkyAtmosphere SpatiallyLoaded:false EditorBounds:IsValid=true, Min=(X=-128.000 Y=-128.000 Z=892.000), Max=(X=240.000 Y=128.000 Z=1148.000) RuntimeBounds:IsValid=true, Min=(X=0.000 Y=0.000 Z=1020.000), Max=(X=0.000 Y=0.000 Z=1020.000) RuntimeGrid:None EditorOnly:false RuntimeOnly:false HLODRelevant:false ListedInSceneOutliner:true IsMainWorldOnly:false FolderPath:Lighting FolderGuid:963EC3EB4002CCE9759E2EBA541A873A
 |   |   |- [+] [  6]
 |   |   |   |- Guid:6C00604DAA3E3CA796F11D69D740C270 NativeClass:/Script/Engine.SkyLight Name:SkyLight_1 Label:SkyLight SpatiallyLoaded:false EditorBounds:IsValid=true, Min=(X=-1.000 Y=-1.000 Z=-1.000), Max=(X=1.000 Y=1.000 Z=690.000) RuntimeBounds:IsValid=true, Min=(X=0.000 Y=0.000 Z=690.000), Max=(X=0.000 Y=0.000 Z=690.000) RuntimeGrid:None EditorOnly:false RuntimeOnly:false HLODRelevant:false ListedInSceneOutliner:true IsMainWorldOnly:false FolderPath:Lighting FolderGuid:963EC3EB4002CCE9759E2EBA541A873A
 |   |   |- [+] [  7]
 |   |   |   |- Guid:7978CD2D02363B0CB3CA7913F32C27C7 NativeClass:/Script/Engine.VolumetricCloud Name:VolumetricCloud_0 Label:VolumetricCloud SpatiallyLoaded:false EditorBounds:IsValid=true, Min=(X=-128.000 Y=-128.000 Z=692.000), Max=(X=128.000 Y=128.000 Z=948.000) RuntimeBounds:IsValid=true, Min=(X=0.000 Y=0.000 Z=820.000), Max=(X=0.000 Y=0.000 Z=820.000) RuntimeGrid:None EditorOnly:false RuntimeOnly:false HLODRelevant:false ListedInSceneOutliner:true IsMainWorldOnly:false FolderPath:Lighting FolderGuid:963EC3EB4002CCE9759E2EBA541A873A
 |   |   |- [+] [  8]
 |   |   |   |- Guid:7DDC1D78E5E0382AA2852148C876C51C NativeClass:/Script/Engine.PostProcessVolume Name:PostProcessVolume_0 Label:PostProcessVolume SpatiallyLoaded:false EditorBounds:IsValid=true, Min=(X=0.000 Y=0.000 Z=400.000), Max=(X=200.000 Y=200.000 Z=600.000) RuntimeBounds:IsValid=true, Min=(X=0.000 Y=0.000 Z=400.000), Max=(X=200.000 Y=200.000 Z=600.000) RuntimeGrid:None EditorOnly:false RuntimeOnly:false HLODRelevant:false ListedInSceneOutliner:true IsMainWorldOnly:false FolderPath:Lighting FolderGuid:963EC3EB4002CCE9759E2EBA541A873A
 |   |   |- [+] [  9]
 |   |   |   |- Guid:8759259110DC304A87802CD763DCF2AD NativeClass:/Script/Engine.WorldDataLayers Name:WorldDataLayers Label:WorldDataLayers SpatiallyLoaded:false EditorBounds:IsValid=false, Min=(X=0.000 Y=0.000 Z=0.000), Max=(X=0.000 Y=0.000 Z=0.000) RuntimeBounds:IsValid=false, Min=(X=0.000 Y=0.000 Z=0.000), Max=(X=0.000 Y=0.000 Z=0.000) RuntimeGrid:None EditorOnly:false RuntimeOnly:false HLODRelevant:false ListedInSceneOutliner:true IsMainWorldOnly:true
 |   |   |- [+] [ 10]
 |   |   |   |- Guid:94721FB5476EB85B32FC6AB74BAE6C15 NativeClass:/Script/Engine.StaticMeshActor Name:StaticMeshActor_UAID_548D5AC72CA6DA6002_1157420262 Label:Crater_7 SpatiallyLoaded:true EditorBounds:IsValid=true, Min=(X=-272.054 Y=3005.118 Z=456.296), Max=(X=469.862 Y=3790.355 Z=610.119) RuntimeBounds:IsValid=true, Min=(X=-272.054 Y=3005.118 Z=456.296), Max=(X=469.862 Y=3790.355 Z=610.119) RuntimeGrid:None EditorOnly:false RuntimeOnly:false HLODRelevant:true ListedInSceneOutliner:true IsMainWorldOnly:false
 |   |   |- [+] [ 11]
 |   |   |   |- Guid:98230D732C5E3B7E83FED93E6E8A2498 NativeClass:/Script/Engine.PlayerStart Name:PlayerStart_0 Label:PlayerStart SpatiallyLoaded:false EditorBounds:IsValid=true, Min=(X=2224.726 Y=-548.000 Z=344.013), Max=(X=2588.000 Y=-204.447 Z=600.013) RuntimeBounds:IsValid=true, Min=(X=2403.647 Y=-476.353 Z=380.013), Max=(X=2516.353 Y=-363.647 Z=564.013) RuntimeGrid:None EditorOnly:false RuntimeOnly:false HLODRelevant:false ListedInSceneOutliner:true IsMainWorldOnly:false
 |   |   |- [+] [ 12]
 |   |   |   |- Guid:AFF007F31E053BF39407ED4E28BA2110 NativeClass:/Script/Engine.StaticMeshActor Name:StaticMeshActor_UAID_A4AE111137DC5EFB00_1110535423 Label:SM_SkySphere SpatiallyLoaded:false EditorBounds:IsValid=true, Min=(X=-1638400.000 Y=-1638400.000 Z=-1638400.000), Max=(X=1638400.000 Y=1638400.000 Z=1638400.000) RuntimeBounds:IsValid=true, Min=(X=-1638400.000 Y=-1638400.000 Z=-1638400.000), Max=(X=1638400.000 Y=1638400.000 Z=1638400.000) RuntimeGrid:None EditorOnly:false RuntimeOnly:false HLODRelevant:false ListedInSceneOutliner:true IsMainWorldOnly:false FolderPath:Lighting FolderGuid:963EC3EB4002CCE9759E2EBA541A873A
 |   |   |- [+] [ 13]
 |   |   |   |- Guid:B63F02044DDC806DE56576904C0F1E67 NativeClass:/Script/Engine.StaticMeshActor Name:StaticMeshActor_UAID_548D5AC72CA6D96002_1929457085 Label:volcano1 SpatiallyLoaded:true EditorBounds:IsValid=true, Min=(X=-2789.305 Y=-2085.464 Z=362.810), Max=(X=193.446 Y=897.287 Z=1205.507) RuntimeBounds:IsValid=true, Min=(X=-2789.305 Y=-2085.464 Z=362.810), Max=(X=193.446 Y=897.287 Z=1205.507) RuntimeGrid:None EditorOnly:false RuntimeOnly:false HLODRelevant:true ListedInSceneOutliner:true IsMainWorldOnly:false
 |   |   |- [+] [ 14]
 |   |   |   |- Guid:B6D33E7D4BFB6B54A5997A895D38D0D1 NativeClass:/Script/Engine.StaticMeshActor Name:StaticMeshActor_UAID_548D5AC72CA6D86002_2116443907 Label:Crater_6 SpatiallyLoaded:true EditorBounds:IsValid=true, Min=(X=181.398 Y=-1749.828 Z=320.370), Max=(X=1162.943 Y=-822.432 Z=512.648) RuntimeBounds:IsValid=true, Min=(X=181.398 Y=-1749.828 Z=320.370), Max=(X=1162.943 Y=-822.432 Z=512.648) RuntimeGrid:None EditorOnly:false RuntimeOnly:false HLODRelevant:true ListedInSceneOutliner:true IsMainWorldOnly:false
 |   |   |- [+] [ 15]
 |   |   |   |- Guid:D5FB083F4F5D874CC1606CB62BC9B2C6 NativeClass:/Script/Engine.StaticMeshActor Name:StaticMeshActor_UAID_548D5AC72CA6D96002_1730679084 Label:Crater_5 SpatiallyLoaded:true EditorBounds:IsValid=true, Min=(X=407.946 Y=215.118 Z=336.296), Max=(X=1149.862 Y=1000.355 Z=490.119) RuntimeBounds:IsValid=true, Min=(X=407.946 Y=215.118 Z=336.296), Max=(X=1149.862 Y=1000.355 Z=490.119) RuntimeGrid:None EditorOnly:false RuntimeOnly:false HLODRelevant:true ListedInSceneOutliner:true IsMainWorldOnly:false
 |   |   |- [+] [ 16]
 |   |   |   |- Guid:E650347540AB11AFBF9F80AD0ED9C913 NativeClass:/Script/Engine.StaticMeshActor Name:StaticMeshActor_UAID_548D5AC72CA6D86002_1408804903 Label:Crater_01 SpatiallyLoaded:true EditorBounds:IsValid=true, Min=(X=-2778.919 Y=765.964 Z=158.889), Max=(X=118.301 Y=3740.858 Z=620.356) RuntimeBounds:IsValid=true, Min=(X=-2778.919 Y=765.964 Z=158.889), Max=(X=118.301 Y=3740.858 Z=620.356) RuntimeGrid:None EditorOnly:false RuntimeOnly:false HLODRelevant:true ListedInSceneOutliner:true IsMainWorldOnly:false
 |   |   |- [+] [ 17]
 |   |   |   |- Guid:F65557C840C70C23CE4B77838A7BE73C NativeClass:/Script/Engine.StaticMeshActor Name:StaticMeshActor_UAID_548D5AC72CA6D86002_1703352904 Label:Crater_3 SpatiallyLoaded:true EditorBounds:IsValid=true, Min=(X=2025.118 Y=840.138 Z=346.296), Max=(X=2810.355 Y=1582.054 Z=500.119) RuntimeBounds:IsValid=true, Min=(X=2025.118 Y=840.138 Z=346.296), Max=(X=2810.355 Y=1582.054 Z=500.119) RuntimeGrid:None EditorOnly:false RuntimeOnly:false HLODRelevant:true ListedInSceneOutliner:true IsMainWorldOnly:false
 |- ContainerInstances:
 |- [+] MainContainer:
 |   |-        ID: 00000000000000000000000000000000
 |   |-  ParentID: 00000000000000000000000000000000
 |   |-    Bounds: IsValid=false, Min=(X=0.000 Y=0.000 Z=0.000), Max=(X=0.000 Y=0.000 Z=0.000)
 |   |- Transform: 0.000000,0.000000,0.000000|0.000000,0.000000,-0.000000|1.000000,1.000000,1.000000
 |   |- Container: /Game/ThirdPerson/Maps/LavaArena
----------------------------------------------------------------------------------------------------------------
LavaArena - Persistent Level
----------------------------------------------------------------------------------------------------------------
[+] Content of LavaArena Persistent Level
 |- Always loaded Actor Count: 18 
 |- Actor Path: /Game/ThirdPerson/Maps/LavaArena.LavaArena:PersistentLevel.DirectionalLight_0
 |- Actor Package: /Game/__ExternalActors__/ThirdPerson/Maps/LavaArena/6/E9/RNJ92XZNE28UAKFKYBNOXM
 |- Actor Path: /Game/ThirdPerson/Maps/LavaArena.LavaArena:PersistentLevel.ExponentialHeightFog_0
 |- Actor Package: /Game/__ExternalActors__/ThirdPerson/Maps/LavaArena/1/G3/9EQSRCJNMNC6R8TPYUIMA8
 |- Actor Path: /Game/ThirdPerson/Maps/LavaArena.LavaArena:PersistentLevel.PlayerStart_0
 |- Actor Package: /Game/__ExternalActors__/ThirdPerson/Maps/LavaArena/3/MV/PZMRFR89KS2LZNM8QBUTDF
 |- Actor Path: /Game/ThirdPerson/Maps/LavaArena.LavaArena:PersistentLevel.PostProcessVolume_0
 |- Actor Package: /Game/__ExternalActors__/ThirdPerson/Maps/LavaArena/0/HM/8564NCKQ44F9DEEVYZFVW7
 |- Actor Path: /Game/ThirdPerson/Maps/LavaArena.LavaArena:PersistentLevel.SkyAtmosphere_0
 |- Actor Package: /Game/__ExternalActors__/ThirdPerson/Maps/LavaArena/7/8X/1B3TM8Z29NGS21KBLRTID1
 |- Actor Path: /Game/ThirdPerson/Maps/LavaArena.LavaArena:PersistentLevel.SkyLight_1
 |- Actor Package: /Game/__ExternalActors__/ThirdPerson/Maps/LavaArena/5/9W/5YH5PZ92MPZS7C8VDOBUG9
 |- Actor Path: /Game/ThirdPerson/Maps/LavaArena.LavaArena:PersistentLevel.StaticMeshActor_UAID_548D5AC72CA6D26002_1969774832
 |- Actor Package: /Game/__ExternalActors__/ThirdPerson/Maps/LavaArena/C/HX/77BDI3KFAFCUWWOIAJBBJC
 |- Actor Path: /Game/ThirdPerson/Maps/LavaArena.LavaArena:PersistentLevel.StaticMeshActor_UAID_548D5AC72CA6D76002_1544251725
 |- Actor Package: /Game/__ExternalActors__/ThirdPerson/Maps/LavaArena/8/AA/53IR4NSVI0GWYSH0ZB2DFJ
 |- Actor Path: /Game/ThirdPerson/Maps/LavaArena.LavaArena:PersistentLevel.StaticMeshActor_UAID_548D5AC72CA6D86002_1408804903
 |- Actor Package: /Game/__ExternalActors__/ThirdPerson/Maps/LavaArena/A/ND/9KA72F1292U0QQBP30S7IR
 |- Actor Path: /Game/ThirdPerson/Maps/LavaArena.LavaArena:PersistentLevel.StaticMeshActor_UAID_548D5AC72CA6D86002_1703352904
 |- Actor Package: /Game/__ExternalActors__/ThirdPerson/Maps/LavaArena/1/GZ/L1VBXAJMB93L8PKKNG7UP5
 |- Actor Path: /Game/ThirdPerson/Maps/LavaArena.LavaArena:PersistentLevel.StaticMeshActor_UAID_548D5AC72CA6D86002_1769708905
 |- Actor Package: /Game/__ExternalActors__/ThirdPerson/Maps/LavaArena/4/T5/VQ4ADHMR9XXFSH0EI4FPON
 |- Actor Path: /Game/ThirdPerson/Maps/LavaArena.LavaArena:PersistentLevel.StaticMeshActor_UAID_548D5AC72CA6D86002_2116443907
 |- Actor Package: /Game/__ExternalActors__/ThirdPerson/Maps/LavaArena/0/ZY/CK80HWV40BITJRPRIT19OU
 |- Actor Path: /Game/ThirdPerson/Maps/LavaArena.LavaArena:PersistentLevel.StaticMeshActor_UAID_548D5AC72CA6D96002_1730679084
 |- Actor Package: /Game/__ExternalActors__/ThirdPerson/Maps/LavaArena/9/W0/US4BBZK008B7AJH8CXXQK3
 |- Actor Path: /Game/ThirdPerson/Maps/LavaArena.LavaArena:PersistentLevel.StaticMeshActor_UAID_548D5AC72CA6D96002_1929457085
 |- Actor Package: /Game/__ExternalActors__/ThirdPerson/Maps/LavaArena/9/J7/ZH6G5DDM95EGQR809SS5NJ
 |- Actor Path: /Game/ThirdPerson/Maps/LavaArena.LavaArena:PersistentLevel.StaticMeshActor_UAID_548D5AC72CA6DA6002_1157420262
 |- Actor Package: /Game/__ExternalActors__/ThirdPerson/Maps/LavaArena/8/9T/WLWGI9WQ39Q7M6XUBUGUMT
 |- Actor Path: /Game/ThirdPerson/Maps/LavaArena.LavaArena:PersistentLevel.StaticMeshActor_UAID_A4AE111137DC5EFB00_1110535423
 |- Actor Package: /Game/__ExternalActors__/ThirdPerson/Maps/LavaArena/5/CU/RCZCKYKDTITF4RNN051QIB
 |- Actor Path: /Game/ThirdPerson/Maps/LavaArena.LavaArena:PersistentLevel.VolumetricCloud_0
 |- Actor Package: /Game/__ExternalActors__/ThirdPerson/Maps/LavaArena/B/MU/5NI5OWPI69QGNJI8TKPNS3
 |- Actor Path: /Game/ThirdPerson/Maps/LavaArena.LavaArena:PersistentLevel.WorldDataLayers
 |- Actor Package: /Game/__ExternalActors__/ThirdPerson/Maps/LavaArena/3/7S/ZJ3GOJLMMOUMFX24T6VLZR

----------------------------------------------------------------------------------------------------------------
LavaArena - Runtime Hash Set
----------------------------------------------------------------------------------------------------------------

